<?xml version="1.0" encoding="UTF-8"?>
<!-- Generated by org.testng.reporters.JUnitReportReporter -->
<testsuite hostname="DESKTOP-ICEBNMT" failures="0" tests="1" name="section2.Practice4Test" time="0.018" errors="0" timestamp="2023-06-03T17:12:11 IST" skipped="0">
  <testcase classname="section2.Practice4Test" name="test4" time="0.018"/>
  <system-out/>
</testsuite> <!-- section2.Practice4Test -->
